
- command: aws bedrock-runtime invoke-model \\                                                                                                                                                                                              >     --model-id anthropic.claude-v2 \\                                                                                                                                                                                                                                >     --body '{\"prompt\": \"\\n\\nHuman: story of two dogs\\n\\nAssistant:\", \"max_tokens_to_sample\" : 300}' \\                                                                                                                                                               >     --cli-binary-format raw-in-base64-out \\                                                                                                                                                                                                                         >     invoke-model-output.txt                                                                                                                                                                                                                                         {                                                                                                                                                                                                                                                                         \"contentType\": \"application/json\"                                                                                                                                                                                                                                 }
  exit_code: 0
  shell: bash
  session_id: f8452f592f834693a700d67a9877816f
  cwd: /home/cloudshell-user
  time: 1729171374
- command: vim invoke-model-output.txt
  exit_code: 0
  shell: bash
  session_id: f8452f592f834693a700d67a9877816f
  cwd: /home/cloudshell-user
  time: 1729171463
- command: aws bedrock-runtime invoke-model \\                                                                                                                                                                                              >     --model-id anthropic.claude-v2 \\                                                                                                                                                                                                                                >     --body '{\"prompt\": \"\\n\\nHuman: story of two dogs\\n\\nAssistant:\", \"max_tokens_to_sample\" : 300}' \\                                                                                                                                                               >     --cli-binary-format raw-in-base64-out \\                                                                                                                                                                                                                         >     invoke-model-output.txt                                                                                                                                                                                                                                         {                                                                                                                                                                                                                                                                         \"contentType\": \"application/json\"                                                                                                                                                                                                                                 }
  exit_code: 0
  shell: bash
  session_id: f8452f592f834693a700d67a9877816f
  cwd: /home/cloudshell-user
  time: 1729172210
- command: vim invoke-model-output.txt
  exit_code: 0
  shell: bash
  session_id: f8452f592f834693a700d67a9877816f
  cwd: /home/cloudshell-user
  time: 1729172240
- command: 10-136-49-138 ~]$ aws bedrock-runtime invoke-model     --model-id anthropic.claude-v2     --body '{\"prompt\": \"\\n\\nHuman: story of two dogs\\n\\nAssistant:\", \"max_to150, \"top_p\" : 0.2}'     --cli-binary-format raw-in-base64-out     invoke-model-output.txt                                                                                                                                                                                                                                          {                                                                                                                                                                                                                                                                         \"contentType\": \"application/json\"                                                                                                                                                                                                                                 }
  exit_code: 0
  shell: bash
  session_id: f8452f592f834693a700d67a9877816f
  cwd: /home/cloudshell-user
  time: 1729172398
- command: vim invoke-model-output.txt
  exit_code: 0
  shell: bash
  session_id: f8452f592f834693a700d67a9877816f
  cwd: /home/cloudshell-user
  time: 1729172421
- command: aws bedrock-runtime invoke-model \\                                                                                                                                                                            > --model-id anthropic.claude-3-5-sonnet-20240620-v1:0 \\                                                                                                                                                                                                              > --body \"{\\\"messages\\\":[{\\\"role\\\":\\\"user\\\",\\\"content\\\":[{\\\"type\\\":\\\"text\\\",\\\"text\\\":\\\"story of two dogs\\\\nHere's a short story about two dogs:\\\\n\\\\nMax and Buddy were two very different dogs who lived next door to each other. Max was a big, energetic Labrador who loved to run and play, while Buddy was a small, cautious Chihuahua who preferred to stay close to home.\\\\n\\\\nDespite their differences, the two dogs became unlikely friends. Every morning, Max would bound over to the fence separating their yards and bark a cheerful greeting to Buddy. At first, Buddy was scared of the large dog, but over time he grew to look forward to Max's visits.\\\\n\\\\nOne day, Buddy's owner accidentally left the gate open and Buddy wandered out into the neighborhood. Scared and lost, he didn't know how to get back home. Max noticed Buddy was missing and became worried about his little friend.\\\\n\\\\nUsing his keen sense of smell, Max tracked Buddy's scent through the streets. He finally found the trembling Chihuahua huddled under a bush in the park. Max gently coaxed Buddy out and led him back home, staying by his side the whole way.\\\\n\\\\nFrom that day on, Buddy realized that sometimes the scariest-looking friends can have the biggest hearts. He started joining Max for playtime in the yard, and the two became inseparable companions, proving that friendship can overcome any differences.\\\"}]}],\\\"anthropic_version\\\":\\\"bedrock-2023-05-31\\\",\\\"max_tokens\\\":2714,\\\"temperature\\\":0.3,\\\"top_k\\\":317,\\\"top_p\\\":0.63,\\\"stop_sequences\\\":[]}\" \\                                          > --cli-binary-format raw-in-base64-out \\                                                                                                                                                                                                                             > --region us-east-1 \\                                                                                                                                                                                                                                                > invoke-model-output.txt                                                                                                                                                                                                                                             {                                                                                                                                                                                                                                                                         \"contentType\": \"application/json\"                                                                                                                                                                                                                                 }
  exit_code: 0
  shell: bash
  session_id: f8452f592f834693a700d67a9877816f
  cwd: /home/cloudshell-user
  time: 1729172618
- command: vim bedrock_claude.py                                                                                                                                                                                         cloudshell-user@:~[cloudshell-user@ip-10-132-47-210 ~]$ vim bedrock_claude.py
  exit_code: 0
  shell: bash
  session_id: 88dd7355e5424f16b1f44f198e377a0f
  cwd: /home/cloudshell-user
  time: 1729187140
- command: vim bedrock_claude.py                                                                                                                                                                                         cloudshell-user@:~[cloudshell-user@ip-10-132-47-210 ~]$ vim bedrock_claude2.py
  exit_code: 0
  shell: bash
  session_id: 88dd7355e5424f16b1f44f198e377a0f
  cwd: /home/cloudshell-user
  time: 1729187343
- command: vim bedrock_claude2.py                                                                                                                                                                                        cloudshell-user@:~[cloudshell-user@ip-10-132-47-210 ~]$ vim bedrock_claude3223.py
  exit_code: 0
  shell: bash
  session_id: 88dd7355e5424f16b1f44f198e377a0f
  cwd: /home/cloudshell-user
  time: 1729187390
- command: ls                                                                                                                                                                                                            bedrock_claude2.py  bedrock_claude3223.py  bedrock_claude.py  invoke-model-output.txt
  exit_code: 0
  shell: bash
  session_id: 88dd7355e5424f16b1f44f198e377a0f
  cwd: /home/cloudshell-user
  time: 1729187393
- command: rm  bedrock_claude.py
  exit_code: 0
  shell: bash
  session_id: 88dd7355e5424f16b1f44f198e377a0f
  cwd: /home/cloudshell-user
  time: 1729187414
- command: rm  bedrock_claude2.py
  exit_code: 0
  shell: bash
  session_id: 88dd7355e5424f16b1f44f198e377a0f
  cwd: /home/cloudshell-user
  time: 1729187421
- command: rm  bedrock_claude3223.py
  exit_code: 0
  shell: bash
  session_id: 88dd7355e5424f16b1f44f198e377a0f
  cwd: /home/cloudshell-user
  time: 1729187425
- command: ls                                                                                                                                                                                                            invoke-model-output.txt
  exit_code: 0
  shell: bash
  session_id: 88dd7355e5424f16b1f44f198e377a0f
  cwd: /home/cloudshell-user
  time: 1729187428
- command: vim bedrock_claude.py
  exit_code: 0
  shell: bash
  session_id: 88dd7355e5424f16b1f44f198e377a0f
  cwd: /home/cloudshell-user
  time: 1729187483
- command: vim bedrock_claude.py
  exit_code: 0
  shell: bash
  session_id: 88dd7355e5424f16b1f44f198e377a0f
  cwd: /home/cloudshell-user
  time: 1729187617
- command: vim bedrock_claude.py
  exit_code: 0
  shell: bash
  session_id: 88dd7355e5424f16b1f44f198e377a0f
  cwd: /home/cloudshell-user
  time: 1729187712
- command: vim bedrock_claude.py
  exit_code: 0
  shell: bash
  session_id: 88dd7355e5424f16b1f44f198e377a0f
  cwd: /home/cloudshell-user
  time: 1729187731
- command: vim bedrock_claude.py
  exit_code: 0
  shell: bash
  session_id: 88dd7355e5424f16b1f44f198e377a0f
  cwd: /home/cloudshell-user
  time: 1729187775
- command: python3 bedrock_claude.py                                                                                                                                                                                     A 'hello world' program is a simple, introductory program that demonstrates the basic syntax and functionality of a programming language by printing the message \"Hello, World!\" to the console or output.
  exit_code: 0
  shell: bash
  session_id: 88dd7355e5424f16b1f44f198e377a0f
  cwd: /home/cloudshell-user
  time: 1729188205
- command: m that demonstrates the basic syntax and functionality of a programming language by printing the message \"Hello, World!\" to the console or output.                                                            cloudshell-user@:~[cloudshell-user@ip-10-132-47-210 ~]$ vim bedrock_claude.py
  exit_code: 0
  shell: bash
  session_id: 88dd7355e5424f16b1f44f198e377a0f
  cwd: /home/cloudshell-user
  time: 1729188262
- command: python3 bedrock_claude.py                                                                                                                                                                                     A 'hello world' program is a simple, introductory program that serves as a starting point for learning a new programming language or testing a development environment by displaying the message \"Hello, World!\" to the user.
  exit_code: 0
  shell: bash
  session_id: 88dd7355e5424f16b1f44f198e377a0f
  cwd: /home/cloudshell-user
  time: 1729188267
- command: m that serves as a starting point for learning a new programming language or testing a development environment by displaying the message \"Hello, World!\" to the user.                                         cloudshell-user@:~[cloudshell-user@ip-10-132-47-210 ~]$ vim bedrock_claude.py
  exit_code: 0
  shell: bash
  session_id: 88dd7355e5424f16b1f44f198e377a0f
  cwd: /home/cloudshell-user
  time: 1729188306
- command: python3 bedrock_claude.py                                                                                                                                                                                     The purpose of a 'hello world' program is to demonstrate the basic functionality and syntax of a programming language in the simplest possible way.
  exit_code: 0
  shell: bash
  session_id: 88dd7355e5424f16b1f44f198e377a0f
  cwd: /home/cloudshell-user
  time: 1729188310
- command: sudo yum install -y mysql                                                                                                                                                                         Last metadata expiration check: 0:00:17 ago on Fri 13 Dec 2024 06:30:27 PM UTC.                                                                                                                                                         No match for argument: mysql                                                                                                                                                                                                            Error: Unable to find a match: mysql
  exit_code: 0
  shell: bash
  session_id: 74797f5f534749d9b13eec2c84793816
  cwd: /home/cloudshell-user
  time: 1734114644
- command: sudo yum install -y mariadb                                                                                                                                                     Last metadata expiration check: 0:00:47 ago on Fri 13 Dec 2024 06:30:27 PM UTC.                                                                                                                                                         No match for argument: mariadb                                                                                                                                                                                                          Error: Unable to find a match: mariadb
  exit_code: 0
  shell: bash
  session_id: 74797f5f534749d9b13eec2c84793816
  cwd: /home/cloudshell-user
  time: 1734114674
- command: wget https://dev.mysql.com/get/mysql80-community-release-el7-3.noarch.rpm                                                                                                       --2024-12-13 18:31:37--  https://dev.mysql.com/get/mysql80-community-release-el7-3.noarch.rpm                                                                                                                                           Resolving dev.mysql.com (dev.mysql.com)... 23.49.176.249, 2600:1408:c400:1881::2e31, 2600:1408:c400:188c::2e31                                                                                                                          Connecting to dev.mysql.com (dev.mysql.com)|23.49.176.249|:443... connected.                                                                                                                                                            HTTP request sent, awaiting response... 302 Moved Temporarily                                                                                                                                                                           Location: https://repo.mysql.com//mysql80-community-release-el7-3.noarch.rpm [following]                                                                                                                                                --2024-12-13 18:31:38--  https://repo.mysql.com//mysql80-community-release-el7-3.noarch.rpm                                                                                                                                             Resolving repo.mysql.com (repo.mysql.com)... 23.33.203.94, 2600:1408:ec00:881::1d68, 2600:1408:ec00:888::1d68                                                                                                                           Connecting to repo.mysql.com (repo.mysql.com)|23.33.203.94|:443... connected.                                                                                                                                                           HTTP request sent, awaiting response... 200 OK                                                                                                                                                                                          Length: 26024 (25K) [application/x-redhat-package-manager]                                                                                                                                                                              Saving to: ‘mysql80-community-release-el7-3.noarch.rpm’                                                                                                                                                                                                                                                                                                                                                                                                                         mysql80-community-release-el7-3.noarch.rpm                100%[=====================================================================================================================================>]  25.41K  --.-KB/s    in 0.001s                                                                                                                                                                                                                                           2024-12-13 18:31:38 (18.1 MB/s) - ‘mysql80-community-release-el7-3.noarch.rpm’ saved [26024/26024]
  exit_code: 0
  shell: bash
  session_id: 74797f5f534749d9b13eec2c84793816
  cwd: /home/cloudshell-user
  time: 1734114698
- command: mysql --version                                                                                                                                                                 mysql  Ver 15.1 Distrib 10.5.25-MariaDB, for Linux (x86_64) using  EditLine wrapper
  exit_code: 0
  shell: bash
  session_id: 74797f5f534749d9b13eec2c84793816
  cwd: /home/cloudshell-user
  time: 1734114728
- command: ls                                                                                                                                                                              bedrock_claude.py  invoke-model-output.txt  mysql80-community-release-el7-3.noarch.rpm
  exit_code: 0
  shell: bash
  session_id: 74797f5f534749d9b13eec2c84793816
  cwd: /home/cloudshell-user
  time: 1734114783
- command: ls                                                                                                                                                                              bedrock_claude.py  invoke-model-output.txt  mysql80-community-release-el7-3.noarch.rpm  us-east-1-bundle.pem
  exit_code: 0
  shell: bash
  session_id: 74797f5f534749d9b13eec2c84793816
  cwd: /home/cloudshell-user
  time: 1734114861
- command: mysql -h database-1.cob4dwgbetpd.us-east-1.rds.amazonaws.com -u admin -p --ssl-ca=rds-combined-ca-bundle.pem                                                                    Enter password:                                                                                                                                                                                                                         saturday                                                                                                                                                                                                                                ERROR 2002 (HY000): Can't connect to MySQL server on 'database-1.cob4dwgbetpd.us-east-1.rds.amazonaws.com' (115)
  exit_code: 0
  shell: bash
  session_id: 74797f5f534749d9b13eec2c84793816
  cwd: /home/cloudshell-user
  time: 1734115052
- command: saturday                                                                                                                                                                        bash: saturday: command not found
  exit_code: 0
  shell: bash
  session_id: 74797f5f534749d9b13eec2c84793816
  cwd: /home/cloudshell-user
  time: 1734115052
- command: mysql -h database-1.cob4dwgbetpd.us-east-1.rds.amazonaws.com -u admin -p --ssl-ca=rds-combined-ca-bundle.pem                                                                    Enter password:                                                                                                                                                                                                                         ERROR 2002 (HY000): Can't connect to MySQL server on 'database-1.cob4dwgbetpd.us-east-1.rds.amazonaws.com' (115)
  exit_code: 0
  shell: bash
  session_id: 74797f5f534749d9b13eec2c84793816
  cwd: /home/cloudshell-user
  time: 1734115231
- command: mysql -h database-1.cob4dwgbetpd.us-east-1.rds.amazonaws.com -u admin -p --ssl-ca=rds-combined-ca-bundle.pem                                                                    Enter password:                                                                                                                                                                                                                         ERROR 2026 (HY000): TLS/SSL error: 2/�U (2)
  exit_code: 0
  shell: bash
  session_id: 74797f5f534749d9b13eec2c84793816
  cwd: /home/cloudshell-user
  time: 1734115636
- command: mysql -h database-1.cob4dwgbetpd.us-east-1.rds.amazonaws.com \\                                                                                                                  > -u admin -p \\                                                                                                                                                                                                                         > --ssl-ca=/path/to/rds-combined-ca-bundle.pem \\                                                                                                                                                                                        > --ssl-mode=VERIFY_CA                                                                                                                                                                                                                  mysql: unknown variable 'ssl-mode=VERIFY_CA'
  exit_code: 0
  shell: bash
  session_id: 74797f5f534749d9b13eec2c84793816
  cwd: /home/cloudshell-user
  time: 1734115908
- command: 1.cob4dwgbetpd.us-east-1.rds.amazonaws.com \\                                                                                                                                    > -u admin -p \\                                                                                                                                                                                                                         > --ssl-ca=~/us-east-1-bundle.pem \\                                                                                                                                                                                                     > --ssl-mode=VERIFY_CA                                                                                                                                                                                                                  mysql: unknown variable 'ssl-mode=VERIFY_CA'
  exit_code: 0
  shell: bash
  session_id: 74797f5f534749d9b13eec2c84793816
  cwd: /home/cloudshell-user
  time: 1734116169
- command: mysql -h database-1.cob4dwgbetpd.us-east-1.rds.amazonaws.com \\                                                                                                                  > -u admin -p \\                                                                                                                                                                                                                         > --ssl-ca=~/us-east-1-bundle.pem \\                                                                                                                                                                                                     > --ssl                                                                                                                                                                                                                                 Enter password:                                                                                                                                                                                                                         ERROR 2026 (HY000): TLS/SSL error: p��U (2)
  exit_code: 0
  shell: bash
  session_id: 74797f5f534749d9b13eec2c84793816
  cwd: /home/cloudshell-user
  time: 1734116194
- command: pwd                                                                                                                                                                             /home/cloudshell-user
  exit_code: 0
  shell: bash
  session_id: 74797f5f534749d9b13eec2c84793816
  cwd: /home/cloudshell-user
  time: 1734116199
- command: ls                                                                                                                                                                              bedrock_claude.py  invoke-model-output.txt  mysql80-community-release-el7-3.noarch.rpm  us-east-1-bundle.pem
  exit_code: 0
  shell: bash
  session_id: 74797f5f534749d9b13eec2c84793816
  cwd: /home/cloudshell-user
  time: 1734116212
- command: ls                                                                                                                                                                              bedrock_claude.py  invoke-model-output.txt  mysql80-community-release-el7-3.noarch.rpm  us-east-1-bundle.pem
  exit_code: 0
  shell: bash
  session_id: 74797f5f534749d9b13eec2c84793816
  cwd: /home/cloudshell-user
  time: 1734118267
- command: rm bedrock_claude.py
  exit_code: 0
  shell: bash
  session_id: 74797f5f534749d9b13eec2c84793816
  cwd: /home/cloudshell-user
  time: 1734118274
- command: ls                                                                                                                                                                              invoke-model-output.txt  mysql80-community-release-el7-3.noarch.rpm  us-east-1-bundle.pem
  exit_code: 0
  shell: bash
  session_id: 74797f5f534749d9b13eec2c84793816
  cwd: /home/cloudshell-user
  time: 1734118276
- command: rm invoke-model-output.tx, mysql80-community-release-el7-3.noarch.rpm                                                                                                           rm: cannot remove 'invoke-model-output.tx,': No such file or directory
  exit_code: 0
  shell: bash
  session_id: 74797f5f534749d9b13eec2c84793816
  cwd: /home/cloudshell-user
  time: 1734118287
- command: ls                                                                                                                                                                              invoke-model-output.txt  us-east-1-bundle.pem
  exit_code: 0
  shell: bash
  session_id: 74797f5f534749d9b13eec2c84793816
  cwd: /home/cloudshell-user
  time: 1734118319
- command: rm invoke-model-output.txt us-east-1-bundle.pem
  exit_code: 0
  shell: bash
  session_id: 74797f5f534749d9b13eec2c84793816
  cwd: /home/cloudshell-user
  time: 1734118328
- command: ls
  exit_code: 0
  shell: bash
  session_id: 74797f5f534749d9b13eec2c84793816
  cwd: /home/cloudshell-user
  time: 1734118330
- command: cleaer                                                                                                                                                                          bash: cleaer: command not found
  exit_code: 0
  shell: bash
  session_id: 74797f5f534749d9b13eec2c84793816
  cwd: /home/cloudshell-user
  time: 1734118332
- command: ls
  exit_code: 0
  shell: bash
  session_id: 74797f5f534749d9b13eec2c84793816
  cwd: /home/cloudshell-user
  time: 1734118407
- command: mysql -h database-1.cob4dwgbetpd.us-east-1.rds.amazonaws.com -u admin -p --ssl-ca=/home/cloudshell-user/us-east-1-bundle.pem --ssl                                                                        Enter password:                                                                                                                                                                                                                                                   ERROR 2026 (HY000): TLS/SSL error: @oSV (2)
  exit_code: 0
  shell: bash
  session_id: 74797f5f534749d9b13eec2c84793816
  cwd: /home/cloudshell-user
  time: 1734118469
- command: eb cli                                                                                            usage: eb (sub-commands ...) [options ...] {arguments ...}                                                                                                eb: error: unrecognized arguments: cli
  exit_code: 0
  shell: bash
  session_id: aaaa89f1fe2b454f8bec31fe3c4937ce
  cwd: /home/cloudshell-user
  time: 1737727001
- command: eb --version                                                                                      EB CLI 3.21.0 (Python 3.9.20 (main, Dec 11 2024, 00:00:00)                                                                                                [GCC 11.4.1 20230605 (Red Hat 11.4.1-2)])
  exit_code: 0
  shell: bash
  session_id: aaaa89f1fe2b454f8bec31fe3c4937ce
  cwd: /home/cloudshell-user
  time: 1737727056
- command: eb create my-env                                                                                  ERROR: This directory has not been set up with the EB CLI                                                                                                 You must first run \"eb init\".
  exit_code: 0
  shell: bash
  session_id: 128632122d1b41a3b7141a69b016dcd9
  cwd: /home/cloudshell-user
  time: 1737731037
- command: eb --version             EB CLI 3.21.0 (Python 3.9.20 (main, Dec 11 2024, 00:00:00)                      [GCC 11.4.1 20230605 (Red Hat 11.4.1-2)])
  exit_code: 0
  shell: bash
  session_id: 77e3bf8b21134ebcb1053d183e7c5f0d
  cwd: /home/cloudshell-user
  time: 1737992297
- command: mkdir eb-flask
  exit_code: 0
  shell: bash
  session_id: 77e3bf8b21134ebcb1053d183e7c5f0d
  cwd: /home/cloudshell-user
  time: 1737992560
- command: cd eb-flask
  exit_code: 0
  shell: bash
  session_id: 77e3bf8b21134ebcb1053d183e7c5f0d
  cwd: /home/cloudshell-user/eb-flask
  time: 1737992560
- command: ls
  exit_code: 0
  shell: bash
  session_id: 77e3bf8b21134ebcb1053d183e7c5f0d
  cwd: /home/cloudshell-user/eb-flask
  time: 1737992691
- command: ls
  exit_code: 0
  shell: bash
  session_id: 77e3bf8b21134ebcb1053d183e7c5f0d
  cwd: /home/cloudshell-user/eb-flask
  time: 1737992693
- command: ls /home cloudshell-user
  exit_code: 0
  shell: bash
  session_id: 77e3bf8b21134ebcb1053d183e7c5f0d
  cwd: /home/cloudshell-user/eb-flask
  time: 1737992788
- command: ls /home/cloudshell-user                                                                 application.py  cron.yaml  eb-flask  us-east-1-bundle.pem
  exit_code: 0
  shell: bash
  session_id: 77e3bf8b21134ebcb1053d183e7c5f0d
  cwd: /home/cloudshell-user/eb-flask
  time: 1737992804
- command: rm us-east-1-bundle.pem                                                                  rm: cannot remove 'us-east-1-bundle.pem': No such file or directory
  exit_code: 0
  shell: bash
  session_id: 77e3bf8b21134ebcb1053d183e7c5f0d
  cwd: /home/cloudshell-user/eb-flask
  time: 1737992818
- command: move /homon.pyudshell-user/applicati                                                     bash: move: command not found
  exit_code: 0
  shell: bash
  session_id: 77e3bf8b21134ebcb1053d183e7c5f0d
  cwd: /home/cloudshell-user/eb-flask
  time: 1737992894
- command: ls /home/cloudshell-user            application.py  cron.yaml  eb-flask  us-east-1-bundle.pem
  exit_code: 0
  shell: bash
  session_id: 77e3bf8b21134ebcb1053d183e7c5f0d
  cwd: /home/cloudshell-user/eb-flask
  time: 1737992909
- command: cd /home/cloudshell-user
  exit_code: 0
  shell: bash
  session_id: 77e3bf8b21134ebcb1053d183e7c5f0d
  cwd: /home/cloudshell-user
  time: 1737992967
- command: ls                       application.py  cron.yaml  eb-flask  us-east-1-bundle.pem
  exit_code: 0
  shell: bash
  session_id: 77e3bf8b21134ebcb1053d183e7c5f0d
  cwd: /home/cloudshell-user
  time: 1737992968
- command: rm us-east-1-bundle.pem
  exit_code: 0
  shell: bash
  session_id: 77e3bf8b21134ebcb1053d183e7c5f0d
  cwd: /home/cloudshell-user
  time: 1737993002
- command: ls                       application.py  cron.yaml  eb-flask
  exit_code: 0
  shell: bash
  session_id: 77e3bf8b21134ebcb1053d183e7c5f0d
  cwd: /home/cloudshell-user
  time: 1737993004
- command: rm eb-flask              rm: cannot remove 'eb-flask': Is a directory
  exit_code: 0
  shell: bash
  session_id: 77e3bf8b21134ebcb1053d183e7c5f0d
  cwd: /home/cloudshell-user
  time: 1737993009
- command: rm -d eb-flask
  exit_code: 0
  shell: bash
  session_id: 77e3bf8b21134ebcb1053d183e7c5f0d
  cwd: /home/cloudshell-user
  time: 1737993023
- command: ls                       application.py  cron.yaml
  exit_code: 0
  shell: bash
  session_id: 77e3bf8b21134ebcb1053d183e7c5f0d
  cwd: /home/cloudshell-user
  time: 1737993024
- command: pip freeze > requirements.txt
  exit_code: 0
  shell: bash
  session_id: 77e3bf8b21134ebcb1053d183e7c5f0d
  cwd: /home/cloudshell-user
  time: 1737993132
- command: virtualenv virt                                                                                    bash: virtualenv: command not found
  exit_code: 0
  shell: bash
  session_id: 77e3bf8b21134ebcb1053d183e7c5f0d
  cwd: /home/cloudshell-user
  time: 1737995053
- command: python3 -m venv venv
  exit_code: 0
  shell: bash
  session_id: 77e3bf8b21134ebcb1053d183e7c5f0d
  cwd: /home/cloudshell-user
  time: 1737995114
- command: source virt/bin/activate                                                                           bash: virt/bin/activate: No such file or directory
  exit_code: 0
  shell: bash
  session_id: 77e3bf8b21134ebcb1053d183e7c5f0d
  cwd: /home/cloudshell-user
  time: 1737995125
- command: source venv/bin/activate
  exit_code: 0
  shell: bash
  session_id: 77e3bf8b21134ebcb1053d183e7c5f0d
  cwd: /home/cloudshell-user
  time: 1737995139
- command: pip freeze > requirements.txt
  exit_code: 0
  shell: bash
  session_id: 77e3bf8b21134ebcb1053d183e7c5f0d
  cwd: /home/cloudshell-user
  time: 1737995205
- command: cat requirements.txt                                                                        blinker==1.9.0                                                                                                                                            click==8.1.8                                                                                                                                              Flask==3.1.0                                                                                                                                              importlib_metadata==8.6.1                                                                                                                                 itsdangerous==2.2.0                                                                                                                                       Jinja2==3.1.5                                                                                                                                             MarkupSafe==3.0.2                                                                                                                                         Werkzeug==3.1.3                                                                                                                                           zipp==3.21.0
  exit_code: 0
  shell: bash
  session_id: 77e3bf8b21134ebcb1053d183e7c5f0d
  cwd: /home/cloudshell-user
  time: 1737995211
- command: clea                                                                                        bash: clea: command not found
  exit_code: 0
  shell: bash
  session_id: 77e3bf8b21134ebcb1053d183e7c5f0d
  cwd: /home/cloudshell-user
  time: 1737995227
- command: eb deploy                                                                                   Creating application version archive \"app-250127_162734206444\".                                                                                           Uploading flask-app/app-250127_162734206444.zip to S3. This may take a while.                                                                             Upload Complete.                                                                                                                                          2025-01-27 16:27:37    INFO    Environment update is starting.                                                                                            2025-01-27 16:27:41    INFO    Deploying new version to instance(s).                                                                                      2025-01-27 16:27:47    INFO    Instance deployment successfully generated a 'Procfile'.                                                                   2025-01-27 16:27:53    INFO    Instance deployment completed successfully.                                                                                2025-01-27 16:27:57    INFO    New application version was deployed to running EC2 instances.                                                             2025-01-27 16:27:57    INFO    Environment update completed successfully.
  exit_code: 0
  shell: bash
  session_id: 77e3bf8b21134ebcb1053d183e7c5f0d
  cwd: /home/cloudshell-user
  time: 1737995279
- command: eb open
  exit_code: 0
  shell: bash
  session_id: 77e3bf8b21134ebcb1053d183e7c5f0d
  cwd: /home/cloudshell-user
  time: 1737995331
- command: eb list                                                                                                       * flask-app-dev
  exit_code: 0
  shell: bash
  session_id: 77e3bf8b21134ebcb1053d183e7c5f0d
  cwd: /home/cloudshell-user
  time: 1737995501
- command: eb config                                                                                   WARNING: No changes made. Exiting.
  exit_code: 0
  shell: bash
  session_id: 77e3bf8b21134ebcb1053d183e7c5f0d
  cwd: /home/cloudshell-user
  time: 1737995966
- command: 4   12 mins
  exit_code: 0
  shell: bash
  session_id: 77e3bf8b21134ebcb1053d183e7c5f0d
  cwd: /home/cloudshell-user
  time: 1737996001
- command: eb status                                                                                                     Environment details for: flask-app-dev                                                                                                                      Application name: flask-app                                                                                                                               Region: eu-west-2                                                                                                                                         Deployed Version: app-250127_162734206444                                                                                                                 Environment ID: e-sekk9uxuid                                                                                                                              Platform: arn:aws:elasticbeanstalk:eu-west-2::platform/Python 3.12 running on 64bit Amazon Linux 2023/4.3.2                                               Tier: WebServer-Standard-1.0                                                                                                                              CNAME: flask-app-dev.eu-west-2.elasticbeanstalk.com                                                                                                       Updated: 2025-01-27 16:39:39.399000+00:00                                                                                                                 Status: Ready                                                                                                                                             Health: Green
  exit_code: 0
  shell: bash
  session_id: 77e3bf8b21134ebcb1053d183e7c5f0d
  cwd: /home/cloudshell-user
  time: 1737996107
- command: git init                                                                                    hint: Using 'master' as the name for the initial branch. This default branch name                                                                         hint: is subject to change. To configure the initial branch name to use in all                                                                            hint: of your new repositories, which will suppress this warning, call:                                                                                   hint:                                                                                                                                                     hint: \t git config --global init.defaultBranch <name>                                                                                                     hint:                                                                                                                                                     hint: Names commonly chosen instead of 'master' are 'main', 'trunk' and                                                                                   hint: 'development'. The just-created branch can be renamed via this command:                                                                             hint:                                                                                                                                                     hint: \t git branch -m <name>                                                                                                                              Initialized empty Git repository in /home/cloudshell-user/.git/
  exit_code: 0
  shell: bash
  session_id: 77e3bf8b21134ebcb1053d183e7c5f0d
  cwd: /home/cloudshell-user
  time: 1737996669
- command: git --version                                                                               git version 2.47.1
  exit_code: 0
  shell: bash
  session_id: 77e3bf8b21134ebcb1053d183e7c5f0d
  cwd: /home/cloudshell-user
  time: 1737996943
- command: git config --global user.name \"Your Name\"
  exit_code: 0
  shell: bash
  session_id: 77e3bf8b21134ebcb1053d183e7c5f0d
  cwd: /home/cloudshell-user
  time: 1737996950
- command: git config --global user.email \"your-email@example.com\"
  exit_code: 0
  shell: bash
  session_id: 77e3bf8b21134ebcb1053d183e7c5f0d
  cwd: /home/cloudshell-user
  time: 1737996950
- command: git config --global user.name \"Deniz Yilmaz\"
  exit_code: 0
  shell: bash
  session_id: 77e3bf8b21134ebcb1053d183e7c5f0d
  cwd: /home/cloudshell-user
  time: 1737996974
- command: git config --global user.email \"denizyilmaz@hotmail.co.uk\"
  exit_code: 0
  shell: bash
  session_id: 77e3bf8b21134ebcb1053d183e7c5f0d
  cwd: /home/cloudshell-user
  time: 1737996992
- command: git config --list                                                                           user.name=Deniz Yilmaz                                                                                                                                    user.email=denizyilmaz@hotmail.co.uk                                                                                                                      core.repositoryformatversion=0                                                                                                                            core.filemode=true                                                                                                                                        core.bare=false                                                                                                                                           core.logallrefupdates=true
  exit_code: 0
  shell: bash
  session_id: 77e3bf8b21134ebcb1053d183e7c5f0d
  cwd: /home/cloudshell-user
  time: 1737996997
- command: ls                                                                                          application.py  cron.yaml  requirements.txt  venv
  exit_code: 0
  shell: bash
  session_id: 77e3bf8b21134ebcb1053d183e7c5f0d
  cwd: /home/cloudshell-user
  time: 1737997013
- command: git add .
  exit_code: 0
  shell: bash
  session_id: 77e3bf8b21134ebcb1053d183e7c5f0d
  cwd: /home/cloudshell-user
  time: 1737997017
- command: git remote add origin https://github.com/DigitalDenCloud/flask-app.git
  exit_code: 0
  shell: bash
  session_id: 77e3bf8b21134ebcb1053d183e7c5f0d
  cwd: /home/cloudshell-user
  time: 1737997314
- command: git push                                                                                    fatal: The current branch master has no upstream branch.                                                                                                  To push the current branch and set the remote as upstream, use                                                                                                                                                                                                                                                          git push --set-upstream origin master                                                                                                                                                                                                                                                                           To have this happen automatically for branches without a tracking                                                                                         upstream, see 'push.autoSetupRemote' in 'git help config'.
  exit_code: 0
  shell: bash
  session_id: 77e3bf8b21134ebcb1053d183e7c5f0d
  cwd: /home/cloudshell-user
  time: 1737997321
- command: git push --set-upstream origin master                                                       Username for 'https://github.com': Deniz Yilmaz                                                                                                           Password for 'https://Deniz%20Yilmaz@github.com':                                                                                                         remote: Support for password authentication was removed on August 13, 2021.                                                                               remote: Please see https://docs.github.com/get-started/getting-started-with-git/about-remote-repositories#cloning-with-https-urls for information on currently recommended modes of authentication.                                                                                                                 fatal: Authentication failed for 'https://github.com/DigitalDenCloud/flask-app.git/'
  exit_code: 0
  shell: bash
  session_id: 77e3bf8b21134ebcb1053d183e7c5f0d
  cwd: /home/cloudshell-user
  time: 1737997436
- command: user.name=Deniz Yilmaz                                                                                                                                    user.email=denizyilmaz@hotmail.co.uk                                                                                                                      core.repositoryformatversion=0                                                                                                                            core.filemode=true                                                                                                                                        core.bare=false                                                                                                                                           core.logallrefupdates=true                                                                                                                                remote.origin.url=https://github.com/DigitalDenCloud/flask-app.git                                                                                        remote.origin.fetch=+refs/heads/*:refs/remotes/origin/*
  exit_code: 0
  shell: bash
  session_id: 77e3bf8b21134ebcb1053d183e7c5f0d
  cwd: /home/cloudshell-user
  time: 1737997445
- command: git push --set-upstream origin master                                                       Username for 'https://github.com': Deniz Yilmaz                                                                                                           Password for 'https://Deniz%20Yilmaz@github.com':                                                                                                         Enumerating objects: 1766, done.                                                                                                                          Counting objects: 100% (1766/1766), done.                                                                                                                 Delta compression using up to 2 threads                                                                                                                   Compressing objects: 100% (1679/1679), done.                                                                                                              Writing objects: 100% (1766/1766), 5.58 MiB | 4.46 MiB/s, done.                                                                                           Total 1766 (delta 113), reused 0 (delta 0), pack-reused 0 (from 0)                                                                                        remote: Resolving deltas: 100% (113/113), done.                                                                                                           To https://github.com/DigitalDenCloud/flask-app.git                                                                                                        * [new branch]      master -> master                                                                                                                     branch 'master' set up to track 'origin/master'.
  exit_code: 0
  shell: bash
  session_id: 77e3bf8b21134ebcb1053d183e7c5f0d
  cwd: /home/cloudshell-user
  time: 1737997467
- command: nano buildspec.yml
  exit_code: 0
  shell: bash
  session_id: 77e3bf8b21134ebcb1053d183e7c5f0d
  cwd: /home/cloudshell-user
  time: 1737997642
- command: cat buildspec.yml                                                                           version: 0.2                                                                                                                                                                                                                                                                                                        phases:                                                                                                                                                     install:                                                                                                                                                    commands:                                                                                                                                                   - echo Installing dependencies...                                                                                                                         - pip install -r requirements.txt                                                                                                                     build:                                                                                                                                                      commands:                                                                                                                                                   - echo Running tests...                                                                                                                                   - python -m unittest discover -s tests                                                                                                              artifacts:                                                                                                                                                  files:                                                                                                                                                      - application.py                                                                                                                                          - requirements.txt                                                                                                                                        - cron.yaml
  exit_code: 0
  shell: bash
  session_id: 77e3bf8b21134ebcb1053d183e7c5f0d
  cwd: /home/cloudshell-user
  time: 1737997649
- command: ls                                                                                                            application.py  buildspec.yml  cron.yaml  requirements.txt  venv
  exit_code: 0
  shell: bash
  session_id: 77e3bf8b21134ebcb1053d183e7c5f0d
  cwd: /home/cloudshell-user
  time: 1737998121
- command: git add buildspec.yml
  exit_code: 0
  shell: bash
  session_id: 77e3bf8b21134ebcb1053d183e7c5f0d
  cwd: /home/cloudshell-user
  time: 1737998182
- command: git commit -m \"Added buildspec file\"                                                        [master 4cc1aed] Added buildspec file                                                                                                                      1 file changed, 17 insertions(+)                                                                                                                          create mode 100644 buildspec.yml
  exit_code: 0
  shell: bash
  session_id: 77e3bf8b21134ebcb1053d183e7c5f0d
  cwd: /home/cloudshell-user
  time: 1737998183
- command: git push                                                                                    Username for 'https://github.com': Deniz Yilmaz                                                                                                           Password for 'https://Deniz%20Yilmaz@github.com':                                                                                                         Enumerating objects: 4, done.                                                                                                                             Counting objects: 100% (4/4), done.                                                                                                                       Delta compression using up to 2 threads                                                                                                                   Compressing objects: 100% (3/3), done.                                                                                                                    Writing objects: 100% (3/3), 458 bytes | 458.00 KiB/s, done.                                                                                              Total 3 (delta 1), reused 0 (delta 0), pack-reused 0 (from 0)                                                                                             remote: Resolving deltas: 100% (1/1), completed with 1 local object.                                                                                      To https://github.com/DigitalDenCloud/flask-app.git                                                                                                          74dd292..4cc1aed  master -> master
  exit_code: 0
  shell: bash
  session_id: 77e3bf8b21134ebcb1053d183e7c5f0d
  cwd: /home/cloudshell-user
  time: 1737998196
- command: touch tests/test_sample.py                                                                  touch: cannot touch 'tests/test_sample.py': No such file or directory
  exit_code: 0
  shell: bash
  session_id: 77e3bf8b21134ebcb1053d183e7c5f0d
  cwd: /home/cloudshell-user
  time: 1737998418
- command: mkdir tests
  exit_code: 0
  shell: bash
  session_id: 77e3bf8b21134ebcb1053d183e7c5f0d
  cwd: /home/cloudshell-user
  time: 1737998432
- command: touch tests/test_sample.py
  exit_code: 0
  shell: bash
  session_id: 77e3bf8b21134ebcb1053d183e7c5f0d
  cwd: /home/cloudshell-user
  time: 1737998433
- command: nano test_sample.py
  exit_code: 0
  shell: bash
  session_id: 77e3bf8b21134ebcb1053d183e7c5f0d
  cwd: /home/cloudshell-user
  time: 1737998459
- command: git add tests/
  exit_code: 0
  shell: bash
  session_id: 77e3bf8b21134ebcb1053d183e7c5f0d
  cwd: /home/cloudshell-user
  time: 1737998469
- command: git commit -m \"Added tests directory with sample test\"                                      [master 9032635] Added tests directory with sample test                                                                                                    1 file changed, 0 insertions(+), 0 deletions(-)                                                                                                           create mode 100644 tests/test_sample.py
  exit_code: 0
  shell: bash
  session_id: 77e3bf8b21134ebcb1053d183e7c5f0d
  cwd: /home/cloudshell-user
  time: 1737998469
- command: git push origin master                                                                      Username for 'https://github.com': Deniz Yilmaz                                                                                                           Password for 'https://Deniz%20Yilmaz@github.com':                                                                                                         Enumerating objects: 5, done.                                                                                                                             Counting objects: 100% (5/5), done.                                                                                                                       Delta compression using up to 2 threads                                                                                                                   Compressing objects: 100% (2/2), done.                                                                                                                    Writing objects: 100% (4/4), 342 bytes | 342.00 KiB/s, done.                                                                                              Total 4 (delta 1), reused 0 (delta 0), pack-reused 0 (from 0)                                                                                             remote: Resolving deltas: 100% (1/1), completed with 1 local object.                                                                                      To https://github.com/DigitalDenCloud/flask-app.git                                                                                                          4cc1aed..9032635  master -> master
  exit_code: 0
  shell: bash
  session_id: 77e3bf8b21134ebcb1053d183e7c5f0d
  cwd: /home/cloudshell-user
  time: 1737998483
- command: nano buildspec.yml
  exit_code: 0
  shell: bash
  session_id: 77e3bf8b21134ebcb1053d183e7c5f0d
  cwd: /home/cloudshell-user
  time: 1737998503
- command: y
  exit_code: 0
  shell: bash
  session_id: 77e3bf8b21134ebcb1053d183e7c5f0d
  cwd: /home/cloudshell-user
  time: 1737998944
- command: git commit -m \"Updated sample test\"                                                         On branch master                                                                                                                                          Your branch is up to date with 'origin/master'.                                                                                                                                                                                                                                                                     Changes not staged for commit:                                                                                                                              (use \"git add <file>...\" to update what will be committed)                                                                                                (use \"git restore <file>...\" to discard changes in working directory)                                                                                   \t       modified:   .local/share/amazon-q/data.sqlite3                                                                                                    \t       modified:   .local/share/amazon-q/history                                                                                                                                                                                                                                                                   Untracked files:                                                                                                                                            (use \"git add <file>...\" to include in what will be committed)                                                                                          \t       test_sample.py                                                                                                                                                                                                                                                                                              no changes added to commit (use \"git add\" and/or \"git commit -a\")
  exit_code: 0
  shell: bash
  session_id: 77e3bf8b21134ebcb1053d183e7c5f0d
  cwd: /home/cloudshell-user
  time: 1737998967
- command: git add .
  exit_code: 0
  shell: bash
  session_id: 77e3bf8b21134ebcb1053d183e7c5f0d
  cwd: /home/cloudshell-user
  time: 1737998973
- command: git commit -m \"Updated sample test\"                                                         [master d6a3f0b] Updated sample test                                                                                                                       3 files changed, 151 insertions(+), 1 deletion(-)                                                                                                         create mode 100644 test_sample.py
  exit_code: 0
  shell: bash
  session_id: 77e3bf8b21134ebcb1053d183e7c5f0d
  cwd: /home/cloudshell-user
  time: 1737998976
- command: git push                                                                                    Username for 'https://github.com': Deniz Yilmaz                                                                                                           Password for 'https://Deniz%20Yilmaz@github.com':                                                                                                         Enumerating objects: 14, done.                                                                                                                            Counting objects: 100% (14/14), done.                                                                                                                     Delta compression using up to 2 threads                                                                                                                   Compressing objects: 100% (6/6), done.                                                                                                                    Writing objects: 100% (8/8), 4.77 KiB | 1.19 MiB/s, done.                                                                                                 Total 8 (delta 3), reused 0 (delta 0), pack-reused 0 (from 0)                                                                                             remote: Resolving deltas: 100% (3/3), completed with 3 local objects.                                                                                     To https://github.com/DigitalDenCloud/flask-app.git                                                                                                          9032635..d6a3f0b  master -> master
  exit_code: 0
  shell: bash
  session_id: 77e3bf8b21134ebcb1053d183e7c5f0d
  cwd: /home/cloudshell-user
  time: 1737998991
- command: python -m unittest discover tests                                                                                                                                                                                                                     ----------------------------------------------------------------------                                                                                    Ran 0 tests in 0.000s                                                                                                                                                                                                                                                                                               OK
  exit_code: 0
  shell: bash
  session_id: 77e3bf8b21134ebcb1053d183e7c5f0d
  cwd: /home/cloudshell-user
  time: 1737999091
- command: ls                                                                                          application.py  buildspec.yml  cron.yaml  requirements.txt  tests  test_sample.py  venv
  exit_code: 0
  shell: bash
  session_id: 77e3bf8b21134ebcb1053d183e7c5f0d
  cwd: /home/cloudshell-user
  time: 1737999096
- command: cat tests                                                                                   cat: tests: Is a directory
  exit_code: 0
  shell: bash
  session_id: 77e3bf8b21134ebcb1053d183e7c5f0d
  cwd: /home/cloudshell-user
  time: 1737999103
- command: cd tests
  exit_code: 0
  shell: bash
  session_id: 77e3bf8b21134ebcb1053d183e7c5f0d
  cwd: /home/cloudshell-user/tests
  time: 1737999142
- command: ls                                                                                __pycache__  test_sample.py
  exit_code: 0
  shell: bash
  session_id: 77e3bf8b21134ebcb1053d183e7c5f0d
  cwd: /home/cloudshell-user/tests
  time: 1737999143
- command: cat test_sample.py
  exit_code: 0
  shell: bash
  session_id: 77e3bf8b21134ebcb1053d183e7c5f0d
  cwd: /home/cloudshell-user/tests
  time: 1737999150
- command: cat test_sample.py
  exit_code: 0
  shell: bash
  session_id: 77e3bf8b21134ebcb1053d183e7c5f0d
  cwd: /home/cloudshell-user/tests
  time: 1737999162
- command: nano test_sample.py
  exit_code: 0
  shell: bash
  session_id: 77e3bf8b21134ebcb1053d183e7c5f0d
  cwd: /home/cloudshell-user/tests
  time: 1737999201
- command: cat test_sample.py                                                                import unittest                                                                                                                                           from application import application  # Assuming application.py contains your Flask app                                                                                                                                                                                                                              class TestFlaskApp(unittest.TestCase):                                                                                                                        def setUp(self):                                                                                                                                              self.app = application.test_client()  # Get a Flask test client                                                                                           self.app.testing = True                                                                                                                                                                                                                                                                                         def test_home(self):                                                                                                                                          response = self.app.get('/')                                                                                                                              self.assertEqual(response.status_code, 200)  # Ensure the home page is available                                                                                                                                                                                                                                def test_hello(self):                                                                                                                                         response = self.app.get('/John')  # Assuming your app has a dynamic route like /<username>                                                                self.assertIn(b'Hello John!', response.data)  # Check if the response contains the expected greeting                                                                                                                                                                                                        if __name__ == '__main__':                                                                                                                                    unittest.main()
  exit_code: 0
  shell: bash
  session_id: 77e3bf8b21134ebcb1053d183e7c5f0d
  cwd: /home/cloudshell-user/tests
  time: 1737999203
- command: git add .
  exit_code: 0
  shell: bash
  session_id: 77e3bf8b21134ebcb1053d183e7c5f0d
  cwd: /home/cloudshell-user/tests
  time: 1737999209
- command: git commit -m \"Updated sample test\"                                               [master e47dc9a] Updated sample test                                                                                                                       2 files changed, 19 insertions(+)                                                                                                                         create mode 100644 tests/__pycache__/test_sample.cpython-39.pyc
  exit_code: 0
  shell: bash
  session_id: 77e3bf8b21134ebcb1053d183e7c5f0d
  cwd: /home/cloudshell-user/tests
  time: 1737999215
- command: git push                                                                          Username for 'https://github.com': Deniz Yilmaz                                                                                                           Password for 'https://Deniz%20Yilmaz@github.com':                                                                                                         Enumerating objects: 9, done.                                                                                                                             Counting objects: 100% (9/9), done.                                                                                                                       Delta compression using up to 2 threads                                                                                                                   Compressing objects: 100% (6/6), done.                                                                                                                    Writing objects: 100% (6/6), 877 bytes | 877.00 KiB/s, done.                                                                                              Total 6 (delta 1), reused 0 (delta 0), pack-reused 0 (from 0)                                                                                             remote: Resolving deltas: 100% (1/1), completed with 1 local object.                                                                                      To https://github.com/DigitalDenCloud/flask-app.git                                                                                                          d6a3f0b..e47dc9a  master -> master
  exit_code: 0
  shell: bash
  session_id: 77e3bf8b21134ebcb1053d183e7c5f0d
  cwd: /home/cloudshell-user/tests
  time: 1737999228
- command: cat application.py                                                                cat: application.py: No such file or directory
  exit_code: 0
  shell: bash
  session_id: 77e3bf8b21134ebcb1053d183e7c5f0d
  cwd: /home/cloudshell-user/tests
  time: 1737999313
- command: pwd                                                                               /home/cloudshell-user/tests
  exit_code: 0
  shell: bash
  session_id: 77e3bf8b21134ebcb1053d183e7c5f0d
  cwd: /home/cloudshell-user/tests
  time: 1737999319
- command: cd ..
  exit_code: 0
  shell: bash
  session_id: 77e3bf8b21134ebcb1053d183e7c5f0d
  cwd: /home/cloudshell-user
  time: 1737999321
- command: pwd                                                                                         /home/cloudshell-user
  exit_code: 0
  shell: bash
  session_id: 77e3bf8b21134ebcb1053d183e7c5f0d
  cwd: /home/cloudshell-user
  time: 1737999322
- command: ls                                                                                          application.py  buildspec.yml  cron.yaml  requirements.txt  tests  test_sample.py  venv
  exit_code: 0
  shell: bash
  session_id: 77e3bf8b21134ebcb1053d183e7c5f0d
  cwd: /home/cloudshell-user
  time: 1737999324
- command: ls                                                                                          application.py  buildspec.yml  cron.yaml  requirements.txt  tests  test_sample.py  venv
  exit_code: 0
  shell: bash
  session_id: 77e3bf8b21134ebcb1053d183e7c5f0d
  cwd: /home/cloudshell-user
  time: 1737999410
- command: cd tests
  exit_code: 0
  shell: bash
  session_id: 77e3bf8b21134ebcb1053d183e7c5f0d
  cwd: /home/cloudshell-user/tests
  time: 1737999413
- command: ls                                                                                __pycache__  test_sample.py
  exit_code: 0
  shell: bash
  session_id: 77e3bf8b21134ebcb1053d183e7c5f0d
  cwd: /home/cloudshell-user/tests
  time: 1737999419
- command: nano test_sample.py
  exit_code: 0
  shell: bash
  session_id: 77e3bf8b21134ebcb1053d183e7c5f0d
  cwd: /home/cloudshell-user/tests
  time: 1737999496
- command: python -m unittest discover                                                       E                                                                                                                                                         ======================================================================                                                                                    ERROR: test_sample (unittest.loader._FailedTest)                                                                                                          ----------------------------------------------------------------------                                                                                    ImportError: Failed to import test module: test_sample                                                                                                    Traceback (most recent call last):                                                                                                                          File \"/usr/lib64/python3.9/unittest/loader.py\", line 436, in _find_test_path                                                                                module = self._get_module_from_name(name)                                                                                                               File \"/usr/lib64/python3.9/unittest/loader.py\", line 377, in _get_module_from_name                                                                          __import__(name)                                                                                                                                        File \"/home/cloudshell-user/tests/test_sample.py\", line 2, in <module>                                                                                      from application import application  # Import your application instance                                                                               ModuleNotFoundError: No module named 'application'                                                                                                                                                                                                                                                                                                                                                                                                                            ----------------------------------------------------------------------                                                                                    Ran 1 test in 0.000s                                                                                                                                                                                                                                                                                                FAILED (errors=1)
  exit_code: 0
  shell: bash
  session_id: 77e3bf8b21134ebcb1053d183e7c5f0d
  cwd: /home/cloudshell-user/tests
  time: 1737999500
- command: nano test_sample.py
  exit_code: 0
  shell: bash
  session_id: 77e3bf8b21134ebcb1053d183e7c5f0d
  cwd: /home/cloudshell-user/tests
  time: 1737999574
- command: python -m unittest discover                                                       E                                                                                                                                                         ======================================================================                                                                                    ERROR: test_sample (unittest.loader._FailedTest)                                                                                                          ----------------------------------------------------------------------                                                                                    ImportError: Failed to import test module: test_sample                                                                                                    Traceback (most recent call last):                                                                                                                          File \"/usr/lib64/python3.9/unittest/loader.py\", line 436, in _find_test_path                                                                                module = self._get_module_from_name(name)                                                                                                               File \"/usr/lib64/python3.9/unittest/loader.py\", line 377, in _get_module_from_name                                                                          __import__(name)                                                                                                                                        File \"/home/cloudshell-user/tests/test_sample.py\", line 2, in <module>                                                                                      from ..application import application  # Import your application instance                                                                             ImportError: attempted relative import with no known parent package                                                                                                                                                                                                                                                                                                                                                                                                           ----------------------------------------------------------------------                                                                                    Ran 1 test in 0.000s                                                                                                                                                                                                                                                                                                FAILED (errors=1)
  exit_code: 0
  shell: bash
  session_id: 77e3bf8b21134ebcb1053d183e7c5f0d
  cwd: /home/cloudshell-user/tests
  time: 1737999576
- command: python -m unittest discover                                                       E                                                                                                                                                         ======================================================================                                                                                    ERROR: test_sample (unittest.loader._FailedTest)                                                                                                          ----------------------------------------------------------------------                                                                                    ImportError: Failed to import test module: test_sample                                                                                                    Traceback (most recent call last):                                                                                                                          File \"/usr/lib64/python3.9/unittest/loader.py\", line 436, in _find_test_path                                                                                module = self._get_module_from_name(name)                                                                                                               File \"/usr/lib64/python3.9/unittest/loader.py\", line 377, in _get_module_from_name                                                                          __import__(name)                                                                                                                                        File \"/home/cloudshell-user/tests/test_sample.py\", line 2, in <module>                                                                                      from ..application import application  # Import your application instance                                                                             ImportError: attempted relative import with no known parent package                                                                                                                                                                                                                                                                                                                                                                                                           ----------------------------------------------------------------------                                                                                    Ran 1 test in 0.000s                                                                                                                                                                                                                                                                                                FAILED (errors=1)
  exit_code: 0
  shell: bash
  session_id: 77e3bf8b21134ebcb1053d183e7c5f0d
  cwd: /home/cloudshell-user/tests
  time: 1737999598
- command: cd ..
  exit_code: 0
  shell: bash
  session_id: 77e3bf8b21134ebcb1053d183e7c5f0d
  cwd: /home/cloudshell-user
  time: 1737999678
- command: ls                                                                                          application.py  buildspec.yml  cron.yaml  requirements.txt  tests  test_sample.py  venv
  exit_code: 0
  shell: bash
  session_id: 77e3bf8b21134ebcb1053d183e7c5f0d
  cwd: /home/cloudshell-user
  time: 1737999679
- command: cd tests
  exit_code: 0
  shell: bash
  session_id: 77e3bf8b21134ebcb1053d183e7c5f0d
  cwd: /home/cloudshell-user/tests
  time: 1737999688
- command: ls                                                                                __pycache__  test_sample.py
  exit_code: 0
  shell: bash
  session_id: 77e3bf8b21134ebcb1053d183e7c5f0d
  cwd: /home/cloudshell-user/tests
  time: 1737999690
- command: cd tests                                                                          bash: cd: tests: No such file or directory
  exit_code: 0
  shell: bash
  session_id: 77e3bf8b21134ebcb1053d183e7c5f0d
  cwd: /home/cloudshell-user/tests
  time: 1737999738
- command: nano test_sample.py
  exit_code: 0
  shell: bash
  session_id: 77e3bf8b21134ebcb1053d183e7c5f0d
  cwd: /home/cloudshell-user/tests
  time: 1737999760
- command: pwd                                                                               /home/cloudshell-user/tests
  exit_code: 0
  shell: bash
  session_id: 77e3bf8b21134ebcb1053d183e7c5f0d
  cwd: /home/cloudshell-user/tests
  time: 1737999911
- command: ls                                                                                __pycache__  test_sample.py
  exit_code: 0
  shell: bash
  session_id: 77e3bf8b21134ebcb1053d183e7c5f0d
  cwd: /home/cloudshell-user/tests
  time: 1737999914
- command: mv tests/test_sample.py .                                                         mv: cannot stat 'tests/test_sample.py': No such file or directory
  exit_code: 0
  shell: bash
  session_id: 77e3bf8b21134ebcb1053d183e7c5f0d
  cwd: /home/cloudshell-user/tests
  time: 1737999917
- command: ls                                                                                __pycache__  test_sample.py
  exit_code: 0
  shell: bash
  session_id: 77e3bf8b21134ebcb1053d183e7c5f0d
  cwd: /home/cloudshell-user/tests
  time: 1737999919
- command: mv test_sample.py ..
  exit_code: 0
  shell: bash
  session_id: 77e3bf8b21134ebcb1053d183e7c5f0d
  cwd: /home/cloudshell-user/tests
  time: 1737999958
- command: rmdir tests                                                                       rmdir: failed to remove 'tests': No such file or directory
  exit_code: 0
  shell: bash
  session_id: 77e3bf8b21134ebcb1053d183e7c5f0d
  cwd: /home/cloudshell-user/tests
  time: 1737999964
- command: cd ..
  exit_code: 0
  shell: bash
  session_id: 77e3bf8b21134ebcb1053d183e7c5f0d
  cwd: /home/cloudshell-user
  time: 1737999969
- command: ls                                                                                          application.py  buildspec.yml  cron.yaml  requirements.txt  tests  test_sample.py  venv
  exit_code: 0
  shell: bash
  session_id: 77e3bf8b21134ebcb1053d183e7c5f0d
  cwd: /home/cloudshell-user
  time: 1737999970
- command: rm tests                                                                                    rm: cannot remove 'tests': Is a directory
  exit_code: 0
  shell: bash
  session_id: 77e3bf8b21134ebcb1053d183e7c5f0d
  cwd: /home/cloudshell-user
  time: 1737999974
- command: rmdir tests                                                                                 rmdir: failed to remove 'tests': Directory not empty
  exit_code: 0
  shell: bash
  session_id: 77e3bf8b21134ebcb1053d183e7c5f0d
  cwd: /home/cloudshell-user
  time: 1737999982
- command: python -m unittest test_sample.py                                                           E                                                                                                                                                         ======================================================================                                                                                    ERROR: test_sample (unittest.loader._FailedTest)                                                                                                          ----------------------------------------------------------------------                                                                                    ImportError: Failed to import test module: test_sample                                                                                                    Traceback (most recent call last):                                                                                                                          File \"/usr/lib64/python3.9/unittest/loader.py\", line 154, in loadTestsFromName                                                                              module = __import__(module_name)                                                                                                                        File \"/home/cloudshell-user/test_sample.py\", line 2, in <module>                                                                                            from ..application import application  # Import your application instance                                                                             ImportError: attempted relative import with no known parent package                                                                                                                                                                                                                                                                                                                                                                                                           ----------------------------------------------------------------------                                                                                    Ran 1 test in 0.000s                                                                                                                                                                                                                                                                                                FAILED (errors=1)
  exit_code: 0
  shell: bash
  session_id: 77e3bf8b21134ebcb1053d183e7c5f0d
  cwd: /home/cloudshell-user
  time: 1737999996
- command: nano test_sample.py
  exit_code: 0
  shell: bash
  session_id: 77e3bf8b21134ebcb1053d183e7c5f0d
  cwd: /home/cloudshell-user
  time: 1738000015
- command: nano test_sample.py
  exit_code: 0
  shell: bash
  session_id: 77e3bf8b21134ebcb1053d183e7c5f0d
  cwd: /home/cloudshell-user
  time: 1738000020
- command: python -m unittest test_sample.py                                                           EE                                                                                                                                                        ======================================================================                                                                                    ERROR: test_home (test_sample.TestFlaskApp)                                                                                                               ----------------------------------------------------------------------                                                                                    Traceback (most recent call last):                                                                                                                          File \"/home/cloudshell-user/test_sample.py\", line 8, in setUp                                                                                               self.app = application.test_client()                                                                                                                  AttributeError: 'function' object has no attribute 'test_client'                                                                                                                                                                                                                                                    ======================================================================                                                                                    ERROR: test_post_request (test_sample.TestFlaskApp)                                                                                                       ----------------------------------------------------------------------                                                                                    Traceback (most recent call last):                                                                                                                          File \"/home/cloudshell-user/test_sample.py\", line 8, in setUp                                                                                               self.app = application.test_client()                                                                                                                  AttributeError: 'function' object has no attribute 'test_client'                                                                                                                                                                                                                                                    ----------------------------------------------------------------------                                                                                    Ran 2 tests in 0.001s                                                                                                                                                                                                                                                                                               FAILED (errors=2)
  exit_code: 0
  shell: bash
  session_id: 77e3bf8b21134ebcb1053d183e7c5f0d
  cwd: /home/cloudshell-user
  time: 1738000022
- command: python -m unittest test_sample.py                                                           EE                                                                                                                                                        ======================================================================                                                                                    ERROR: test_home (test_sample.TestFlaskApp)                                                                                                               ----------------------------------------------------------------------                                                                                    Traceback (most recent call last):                                                                                                                          File \"/home/cloudshell-user/test_sample.py\", line 8, in setUp                                                                                               self.app = application.test_client()                                                                                                                  AttributeError: 'function' object has no attribute 'test_client'                                                                                                                                                                                                                                                    ======================================================================                                                                                    ERROR: test_post_request (test_sample.TestFlaskApp)                                                                                                       ----------------------------------------------------------------------                                                                                    Traceback (most recent call last):                                                                                                                          File \"/home/cloudshell-user/test_sample.py\", line 8, in setUp                                                                                               self.app = application.test_client()                                                                                                                  AttributeError: 'function' object has no attribute 'test_client'                                                                                                                                                                                                                                                    ----------------------------------------------------------------------                                                                                    Ran 2 tests in 0.001s                                                                                                                                                                                                                                                                                               FAILED (errors=2)
  exit_code: 0
  shell: bash
  session_id: 77e3bf8b21134ebcb1053d183e7c5f0d
  cwd: /home/cloudshell-user
  time: 1738000029
- command: nano test_sample.py
  exit_code: 0
  shell: bash
  session_id: 77e3bf8b21134ebcb1053d183e7c5f0d
  cwd: /home/cloudshell-user
  time: 1738000233
- command: rm test_sample.py
  exit_code: 0
  shell: bash
  session_id: 77e3bf8b21134ebcb1053d183e7c5f0d
  cwd: /home/cloudshell-user
  time: 1738000239
- command: nano test_sample.py
  exit_code: 0
  shell: bash
  session_id: 77e3bf8b21134ebcb1053d183e7c5f0d
  cwd: /home/cloudshell-user
  time: 1738000246
- command: python -m unittest test_sample.py                                                           .                                                                                                                                                         ----------------------------------------------------------------------                                                                                    Ran 1 test in 0.000s                                                                                                                                                                                                                                                                                                OK
  exit_code: 0
  shell: bash
  session_id: 77e3bf8b21134ebcb1053d183e7c5f0d
  cwd: /home/cloudshell-user
  time: 1738000249
- command: git add.                                                                                    git: 'add.' is not a git command. See 'git --help'.                                                                                                                                                                                                                                                                 The most similar command is                                                                                                                               \t       add
  exit_code: 0
  shell: bash
  session_id: 77e3bf8b21134ebcb1053d183e7c5f0d
  cwd: /home/cloudshell-user
  time: 1738000299